PHPUnit 4.8.21 by Sebastian Bergmann and contributors.

.F.....F

Time: 521 ms, Memory: 26.75Mb

There were 2 failures:

1) ReservationTest::testCreateOK
A request to [http://localhost/reservation] failed. Received status code [500].

/var/www/html/laravel-montesquieu/vendor/laravel/framework/src/Illuminate/Foundation/Testing/InteractsWithPages.php:165
/var/www/html/laravel-montesquieu/vendor/laravel/framework/src/Illuminate/Foundation/Testing/InteractsWithPages.php:63
/var/www/html/laravel-montesquieu/vendor/laravel/framework/src/Illuminate/Foundation/Testing/InteractsWithPages.php:85
/var/www/html/laravel-montesquieu/vendor/laravel/framework/src/Illuminate/Foundation/Testing/InteractsWithPages.php:658
/var/www/html/laravel-montesquieu/vendor/laravel/framework/src/Illuminate/Foundation/Testing/InteractsWithPages.php:645
/var/www/html/laravel-montesquieu/tests/ReservationTest.php:67

Caused by
exception 'PDOException' with message 'SQLSTATE[HY000]: General error: 1 no such table: reservations' in /var/www/html/laravel-montesquieu/vendor/laravel/framework/src/Illuminate/Database/Connection.php:390
Stack trace:
#0 /var/www/html/laravel-montesquieu/vendor/laravel/framework/src/Illuminate/Database/Connection.php(390): PDO->prepare('insert into "re...')
#1 /var/www/html/laravel-montesquieu/vendor/laravel/framework/src/Illuminate/Database/Connection.php(644): Illuminate\Database\Connection->Illuminate\Database\{closure}(Object(Illuminate\Database\SQLiteConnection), 'insert into "re...', Array)
#2 /var/www/html/laravel-montesquieu/vendor/laravel/framework/src/Illuminate/Database/Connection.php(611): Illuminate\Database\Connection->runQueryCallback('insert into "re...', Array, Object(Closure))
#3 /var/www/html/laravel-montesquieu/vendor/laravel/framework/src/Illuminate/Database/Connection.php(391): Illuminate\Database\Connection->run('insert into "re...', Array, Object(Closure))
#4 /var/www/html/laravel-montesquieu/vendor/laravel/framework/src/Illuminate/Database/Connection.php(347): Illuminate\Database\Connection->statement('insert into "re...', Array)
#5 /var/www/html/laravel-montesquieu/vendor/laravel/framework/src/Illuminate/Database/Query/Processors/Processor.php(32): Illuminate\Database\Connection->insert('insert into "re...', Array)
#6 /var/www/html/laravel-montesquieu/vendor/laravel/framework/src/Illuminate/Database/Query/Builder.php(1801): Illuminate\Database\Query\Processors\Processor->processInsertGetId(Object(Illuminate\Database\Query\Builder), 'insert into "re...', Array, 'id')
#7 [internal function]: Illuminate\Database\Query\Builder->insertGetId(Array, 'id')
#8 /var/www/html/laravel-montesquieu/vendor/laravel/framework/src/Illuminate/Database/Eloquent/Builder.php(943): call_user_func_array(Array, Array)
#9 /var/www/html/laravel-montesquieu/vendor/laravel/framework/src/Illuminate/Database/Eloquent/Model.php(1654): Illuminate\Database\Eloquent\Builder->__call('insertGetId', Array)
#10 /var/www/html/laravel-montesquieu/vendor/laravel/framework/src/Illuminate/Database/Eloquent/Model.php(1654): Illuminate\Database\Eloquent\Builder->insertGetId(Array, 'id')
#11 /var/www/html/laravel-montesquieu/vendor/laravel/framework/src/Illuminate/Database/Eloquent/Model.php(1623): Illuminate\Database\Eloquent\Model->insertAndSetId(Object(Illuminate\Database\Eloquent\Builder), Array)
#12 /var/www/html/laravel-montesquieu/vendor/laravel/framework/src/Illuminate/Database/Eloquent/Model.php(1514): Illuminate\Database\Eloquent\Model->performInsert(Object(Illuminate\Database\Eloquent\Builder), Array)
#13 /var/www/html/laravel-montesquieu/app/Http/Controllers/ReservationController.php(81): Illuminate\Database\Eloquent\Model->save()
#14 [internal function]: App\Http\Controllers\ReservationController->store(Object(App\Http\Requests\ReservationRequest))
#15 /var/www/html/laravel-montesquieu/vendor/laravel/framework/src/Illuminate/Routing/Controller.php(256): call_user_func_array(Array, Array)
#16 /var/www/html/laravel-montesquieu/vendor/laravel/framework/src/Illuminate/Routing/ControllerDispatcher.php(164): Illuminate\Routing\Controller->callAction('store', Array)
#17 /var/www/html/laravel-montesquieu/vendor/laravel/framework/src/Illuminate/Routing/ControllerDispatcher.php(112): Illuminate\Routing\ControllerDispatcher->call(Object(App\Http\Controllers\ReservationController), Object(Illuminate\Routing\Route), 'store')
#18 [internal function]: Illuminate\Routing\ControllerDispatcher->Illuminate\Routing\{closure}(Object(Illuminate\Http\Request))
#19 /var/www/html/laravel-montesquieu/vendor/laravel/framework/src/Illuminate/Pipeline/Pipeline.php(139): call_user_func(Object(Closure), Object(Illuminate\Http\Request))
#20 [internal function]: Illuminate\Pipeline\Pipeline->Illuminate\Pipeline\{closure}(Object(Illuminate\Http\Request))
#21 /var/www/html/laravel-montesquieu/vendor/laravel/framework/src/Illuminate/Pipeline/Pipeline.php(103): call_user_func(Object(Closure), Object(Illuminate\Http\Request))
#22 /var/www/html/laravel-montesquieu/vendor/laravel/framework/src/Illuminate/Routing/ControllerDispatcher.php(114): Illuminate\Pipeline\Pipeline->then(Object(Closure))
#23 /var/www/html/laravel-montesquieu/vendor/laravel/framework/src/Illuminate/Routing/ControllerDispatcher.php(69): Illuminate\Routing\ControllerDispatcher->callWithinStack(Object(App\Http\Controllers\ReservationController), Object(Illuminate\Routing\Route), Object(Illuminate\Http\Request), 'store')
#24 /var/www/html/laravel-montesquieu/vendor/laravel/framework/src/Illuminate/Routing/Route.php(203): Illuminate\Routing\ControllerDispatcher->dispatch(Object(Illuminate\Routing\Route), Object(Illuminate\Http\Request), 'App\Http\Contro...', 'store')
#25 /var/www/html/laravel-montesquieu/vendor/laravel/framework/src/Illuminate/Routing/Route.php(134): Illuminate\Routing\Route->runWithCustomDispatcher(Object(Illuminate\Http\Request))
#26 /var/www/html/laravel-montesquieu/vendor/laravel/framework/src/Illuminate/Routing/Router.php(708): Illuminate\Routing\Route->run(Object(Illuminate\Http\Request))
#27 [internal function]: Illuminate\Routing\Router->Illuminate\Routing\{closure}(Object(Illuminate\Http\Request))
#28 /var/www/html/laravel-montesquieu/vendor/laravel/framework/src/Illuminate/Pipeline/Pipeline.php(139): call_user_func(Object(Closure), Object(Illuminate\Http\Request))
#29 [internal function]: Illuminate\Pipeline\Pipeline->Illuminate\Pipeline\{closure}(Object(Illuminate\Http\Request))
#30 /var/www/html/laravel-montesquieu/vendor/laravel/framework/src/Illuminate/Pipeline/Pipeline.php(103): call_user_func(Object(Closure), Object(Illuminate\Http\Request))
#31 /var/www/html/laravel-montesquieu/vendor/laravel/framework/src/Illuminate/Routing/Router.php(710): Illuminate\Pipeline\Pipeline->then(Object(Closure))
#32 /var/www/html/laravel-montesquieu/vendor/laravel/framework/src/Illuminate/Routing/Router.php(675): Illuminate\Routing\Router->runRouteWithinStack(Object(Illuminate\Routing\Route), Object(Illuminate\Http\Request))
#33 /var/www/html/laravel-montesquieu/vendor/laravel/framework/src/Illuminate/Routing/Router.php(635): Illuminate\Routing\Router->dispatchToRoute(Object(Illuminate\Http\Request))
#34 /var/www/html/laravel-montesquieu/vendor/laravel/framework/src/Illuminate/Foundation/Http/Kernel.php(236): Illuminate\Routing\Router->dispatch(Object(Illuminate\Http\Request))
#35 [internal function]: Illuminate\Foundation\Http\Kernel->Illuminate\Foundation\Http\{closure}(Object(Illuminate\Http\Request))
#36 /var/www/html/laravel-montesquieu/vendor/laravel/framework/src/Illuminate/Pipeline/Pipeline.php(139): call_user_func(Object(Closure), Object(Illuminate\Http\Request))
#37 /var/www/html/laravel-montesquieu/vendor/laravel/framework/src/Illuminate/Foundation/Http/Middleware/VerifyCsrfToken.php(50): Illuminate\Pipeline\Pipeline->Illuminate\Pipeline\{closure}(Object(Illuminate\Http\Request))
#38 [internal function]: Illuminate\Foundation\Http\Middleware\VerifyCsrfToken->handle(Object(Illuminate\Http\Request), Object(Closure))
#39 /var/www/html/laravel-montesquieu/vendor/laravel/framework/src/Illuminate/Pipeline/Pipeline.php(124): call_user_func_array(Array, Array)
#40 /var/www/html/laravel-montesquieu/vendor/laravel/framework/src/Illuminate/View/Middleware/ShareErrorsFromSession.php(49): Illuminate\Pipeline\Pipeline->Illuminate\Pipeline\{closure}(Object(Illuminate\Http\Request))
#41 [internal function]: Illuminate\View\Middleware\ShareErrorsFromSession->handle(Object(Illuminate\Http\Request), Object(Closure))
#42 /var/www/html/laravel-montesquieu/vendor/laravel/framework/src/Illuminate/Pipeline/Pipeline.php(124): call_user_func_array(Array, Array)
#43 /var/www/html/laravel-montesquieu/vendor/laravel/framework/src/Illuminate/Session/Middleware/StartSession.php(62): Illuminate\Pipeline\Pipeline->Illuminate\Pipeline\{closure}(Object(Illuminate\Http\Request))
#44 [internal function]: Illuminate\Session\Middleware\StartSession->handle(Object(Illuminate\Http\Request), Object(Closure))
#45 /var/www/html/laravel-montesquieu/vendor/laravel/framework/src/Illuminate/Pipeline/Pipeline.php(124): call_user_func_array(Array, Array)
#46 /var/www/html/laravel-montesquieu/vendor/laravel/framework/src/Illuminate/Cookie/Middleware/AddQueuedCookiesToResponse.php(37): Illuminate\Pipeline\Pipeline->Illuminate\Pipeline\{closure}(Object(Illuminate\Http\Request))
#47 [internal function]: Illuminate\Cookie\Middleware\AddQueuedCookiesToResponse->handle(Object(Illuminate\Http\Request), Object(Closure))
#48 /var/www/html/laravel-montesquieu/vendor/laravel/framework/src/Illuminate/Pipeline/Pipeline.php(124): call_user_func_array(Array, Array)
#49 /var/www/html/laravel-montesquieu/vendor/laravel/framework/src/Illuminate/Cookie/Middleware/EncryptCookies.php(59): Illuminate\Pipeline\Pipeline->Illuminate\Pipeline\{closure}(Object(Illuminate\Http\Request))
#50 [internal function]: Illuminate\Cookie\Middleware\EncryptCookies->handle(Object(Illuminate\Http\Request), Object(Closure))
#51 /var/www/html/laravel-montesquieu/vendor/laravel/framework/src/Illuminate/Pipeline/Pipeline.php(124): call_user_func_array(Array, Array)
#52 /var/www/html/laravel-montesquieu/vendor/laravel/framework/src/Illuminate/Foundation/Http/Middleware/CheckForMaintenanceMode.php(44): Illuminate\Pipeline\Pipeline->Illuminate\Pipeline\{closure}(Object(Illuminate\Http\Request))
#53 [internal function]: Illuminate\Foundation\Http\Middleware\CheckForMaintenanceMode->handle(Object(Illuminate\Http\Request), Object(Closure))
#54 /var/www/html/laravel-montesquieu/vendor/laravel/framework/src/Illuminate/Pipeline/Pipeline.php(124): call_user_func_array(Array, Array)
#55 [internal function]: Illuminate\Pipeline\Pipeline->Illuminate\Pipeline\{closure}(Object(Illuminate\Http\Request))
#56 /var/www/html/laravel-montesquieu/vendor/laravel/framework/src/Illuminate/Pipeline/Pipeline.php(103): call_user_func(Object(Closure), Object(Illuminate\Http\Request))
#57 /var/www/html/laravel-montesquieu/vendor/laravel/framework/src/Illuminate/Foundation/Http/Kernel.php(122): Illuminate\Pipeline\Pipeline->then(Object(Closure))
#58 /var/www/html/laravel-montesquieu/vendor/laravel/framework/src/Illuminate/Foundation/Http/Kernel.php(87): Illuminate\Foundation\Http\Kernel->sendRequestThroughRouter(Object(Illuminate\Http\Request))
#59 /var/www/html/laravel-montesquieu/vendor/laravel/framework/src/Illuminate/Foundation/Testing/CrawlerTrait.php(394): Illuminate\Foundation\Http\Kernel->handle(Object(Illuminate\Http\Request))
#60 /var/www/html/laravel-montesquieu/vendor/laravel/framework/src/Illuminate/Foundation/Testing/InteractsWithPages.php(61): Illuminate\Foundation\Testing\TestCase->call('POST', 'http://localhos...', Array, Array, Array)
#61 /var/www/html/laravel-montesquieu/vendor/laravel/framework/src/Illuminate/Foundation/Testing/InteractsWithPages.php(85): Illuminate\Foundation\Testing\TestCase->makeRequest('POST', 'http://localhos...', Array, Array, Array)
#62 /var/www/html/laravel-montesquieu/vendor/laravel/framework/src/Illuminate/Foundation/Testing/InteractsWithPages.php(658): Illuminate\Foundation\Testing\TestCase->makeRequestUsingForm(Object(Symfony\Component\DomCrawler\Form), Array)
#63 /var/www/html/laravel-montesquieu/vendor/laravel/framework/src/Illuminate/Foundation/Testing/InteractsWithPages.php(645): Illuminate\Foundation\Testing\TestCase->submitForm('Envoyer', Array, Array)
#64 /var/www/html/laravel-montesquieu/tests/ReservationTest.php(67): Illuminate\Foundation\Testing\TestCase->press('Envoyer')
#65 [internal function]: ReservationTest->testCreateOK()
#66 /var/www/html/laravel-montesquieu/vendor/phpunit/phpunit/src/Framework/TestCase.php(909): ReflectionMethod->invokeArgs(Object(ReservationTest), Array)
#67 /var/www/html/laravel-montesquieu/vendor/phpunit/phpunit/src/Framework/TestCase.php(768): PHPUnit_Framework_TestCase->runTest()
#68 /var/www/html/laravel-montesquieu/vendor/phpunit/phpunit/src/Framework/TestResult.php(612): PHPUnit_Framework_TestCase->runBare()
#69 /var/www/html/laravel-montesquieu/vendor/phpunit/phpunit/src/Framework/TestCase.php(724): PHPUnit_Framework_TestResult->run(Object(ReservationTest))
#70 /var/www/html/laravel-montesquieu/vendor/phpunit/phpunit/src/Framework/TestSuite.php(747): PHPUnit_Framework_TestCase->run(Object(PHPUnit_Framework_TestResult))
#71 /var/www/html/laravel-montesquieu/vendor/phpunit/phpunit/src/Framework/TestSuite.php(747): PHPUnit_Framework_TestSuite->run(Object(PHPUnit_Framework_TestResult))
#72 /var/www/html/laravel-montesquieu/vendor/phpunit/phpunit/src/TextUI/TestRunner.php(440): PHPUnit_Framework_TestSuite->run(Object(PHPUnit_Framework_TestResult))
#73 /var/www/html/laravel-montesquieu/vendor/phpunit/phpunit/src/TextUI/Command.php(149): PHPUnit_TextUI_TestRunner->doRun(Object(PHPUnit_Framework_TestSuite), Array)
#74 /var/www/html/laravel-montesquieu/vendor/phpunit/phpunit/src/TextUI/Command.php(100): PHPUnit_TextUI_Command->run(Array, true)
#75 /var/www/html/laravel-montesquieu/vendor/phpunit/phpunit/phpunit(47): PHPUnit_TextUI_Command::main()
#76 {main}

Next exception 'Illuminate\Database\QueryException' with message 'SQLSTATE[HY000]: General error: 1 no such table: reservations (SQL: insert into "reservations" ("name", "forename", "email", "nb_people", "arrive_at", "leave_at", "is_valid", "updated_at", "created_at") values (Frédéric, Bertrand, boutin.charles@tiscali.fr, 11, 2015-12-31 15:03:00, 2016-01-04 15:03:00, 0, 2015-12-29 15:03:00, 2015-12-29 15:03:00))' in /var/www/html/laravel-montesquieu/vendor/laravel/framework/src/Illuminate/Database/Connection.php:651
Stack trace:
#0 /var/www/html/laravel-montesquieu/vendor/laravel/framework/src/Illuminate/Database/Connection.php(611): Illuminate\Database\Connection->runQueryCallback('insert into "re...', Array, Object(Closure))
#1 /var/www/html/laravel-montesquieu/vendor/laravel/framework/src/Illuminate/Database/Connection.php(391): Illuminate\Database\Connection->run('insert into "re...', Array, Object(Closure))
#2 /var/www/html/laravel-montesquieu/vendor/laravel/framework/src/Illuminate/Database/Connection.php(347): Illuminate\Database\Connection->statement('insert into "re...', Array)
#3 /var/www/html/laravel-montesquieu/vendor/laravel/framework/src/Illuminate/Database/Query/Processors/Processor.php(32): Illuminate\Database\Connection->insert('insert into "re...', Array)
#4 /var/www/html/laravel-montesquieu/vendor/laravel/framework/src/Illuminate/Database/Query/Builder.php(1801): Illuminate\Database\Query\Processors\Processor->processInsertGetId(Object(Illuminate\Database\Query\Builder), 'insert into "re...', Array, 'id')
#5 [internal function]: Illuminate\Database\Query\Builder->insertGetId(Array, 'id')
#6 /var/www/html/laravel-montesquieu/vendor/laravel/framework/src/Illuminate/Database/Eloquent/Builder.php(943): call_user_func_array(Array, Array)
#7 /var/www/html/laravel-montesquieu/vendor/laravel/framework/src/Illuminate/Database/Eloquent/Model.php(1654): Illuminate\Database\Eloquent\Builder->__call('insertGetId', Array)
#8 /var/www/html/laravel-montesquieu/vendor/laravel/framework/src/Illuminate/Database/Eloquent/Model.php(1654): Illuminate\Database\Eloquent\Builder->insertGetId(Array, 'id')
#9 /var/www/html/laravel-montesquieu/vendor/laravel/framework/src/Illuminate/Database/Eloquent/Model.php(1623): Illuminate\Database\Eloquent\Model->insertAndSetId(Object(Illuminate\Database\Eloquent\Builder), Array)
#10 /var/www/html/laravel-montesquieu/vendor/laravel/framework/src/Illuminate/Database/Eloquent/Model.php(1514): Illuminate\Database\Eloquent\Model->performInsert(Object(Illuminate\Database\Eloquent\Builder), Array)
#11 /var/www/html/laravel-montesquieu/app/Http/Controllers/ReservationController.php(81): Illuminate\Database\Eloquent\Model->save()
#12 [internal function]: App\Http\Controllers\ReservationController->store(Object(App\Http\Requests\ReservationRequest))
#13 /var/www/html/laravel-montesquieu/vendor/laravel/framework/src/Illuminate/Routing/Controller.php(256): call_user_func_array(Array, Array)
#14 /var/www/html/laravel-montesquieu/vendor/laravel/framework/src/Illuminate/Routing/ControllerDispatcher.php(164): Illuminate\Routing\Controller->callAction('store', Array)
#15 /var/www/html/laravel-montesquieu/vendor/laravel/framework/src/Illuminate/Routing/ControllerDispatcher.php(112): Illuminate\Routing\ControllerDispatcher->call(Object(App\Http\Controllers\ReservationController), Object(Illuminate\Routing\Route), 'store')
#16 [internal function]: Illuminate\Routing\ControllerDispatcher->Illuminate\Routing\{closure}(Object(Illuminate\Http\Request))
#17 /var/www/html/laravel-montesquieu/vendor/laravel/framework/src/Illuminate/Pipeline/Pipeline.php(139): call_user_func(Object(Closure), Object(Illuminate\Http\Request))
#18 [internal function]: Illuminate\Pipeline\Pipeline->Illuminate\Pipeline\{closure}(Object(Illuminate\Http\Request))
#19 /var/www/html/laravel-montesquieu/vendor/laravel/framework/src/Illuminate/Pipeline/Pipeline.php(103): call_user_func(Object(Closure), Object(Illuminate\Http\Request))
#20 /var/www/html/laravel-montesquieu/vendor/laravel/framework/src/Illuminate/Routing/ControllerDispatcher.php(114): Illuminate\Pipeline\Pipeline->then(Object(Closure))
#21 /var/www/html/laravel-montesquieu/vendor/laravel/framework/src/Illuminate/Routing/ControllerDispatcher.php(69): Illuminate\Routing\ControllerDispatcher->callWithinStack(Object(App\Http\Controllers\ReservationController), Object(Illuminate\Routing\Route), Object(Illuminate\Http\Request), 'store')
#22 /var/www/html/laravel-montesquieu/vendor/laravel/framework/src/Illuminate/Routing/Route.php(203): Illuminate\Routing\ControllerDispatcher->dispatch(Object(Illuminate\Routing\Route), Object(Illuminate\Http\Request), 'App\Http\Contro...', 'store')
#23 /var/www/html/laravel-montesquieu/vendor/laravel/framework/src/Illuminate/Routing/Route.php(134): Illuminate\Routing\Route->runWithCustomDispatcher(Object(Illuminate\Http\Request))
#24 /var/www/html/laravel-montesquieu/vendor/laravel/framework/src/Illuminate/Routing/Router.php(708): Illuminate\Routing\Route->run(Object(Illuminate\Http\Request))
#25 [internal function]: Illuminate\Routing\Router->Illuminate\Routing\{closure}(Object(Illuminate\Http\Request))
#26 /var/www/html/laravel-montesquieu/vendor/laravel/framework/src/Illuminate/Pipeline/Pipeline.php(139): call_user_func(Object(Closure), Object(Illuminate\Http\Request))
#27 [internal function]: Illuminate\Pipeline\Pipeline->Illuminate\Pipeline\{closure}(Object(Illuminate\Http\Request))
#28 /var/www/html/laravel-montesquieu/vendor/laravel/framework/src/Illuminate/Pipeline/Pipeline.php(103): call_user_func(Object(Closure), Object(Illuminate\Http\Request))
#29 /var/www/html/laravel-montesquieu/vendor/laravel/framework/src/Illuminate/Routing/Router.php(710): Illuminate\Pipeline\Pipeline->then(Object(Closure))
#30 /var/www/html/laravel-montesquieu/vendor/laravel/framework/src/Illuminate/Routing/Router.php(675): Illuminate\Routing\Router->runRouteWithinStack(Object(Illuminate\Routing\Route), Object(Illuminate\Http\Request))
#31 /var/www/html/laravel-montesquieu/vendor/laravel/framework/src/Illuminate/Routing/Router.php(635): Illuminate\Routing\Router->dispatchToRoute(Object(Illuminate\Http\Request))
#32 /var/www/html/laravel-montesquieu/vendor/laravel/framework/src/Illuminate/Foundation/Http/Kernel.php(236): Illuminate\Routing\Router->dispatch(Object(Illuminate\Http\Request))
#33 [internal function]: Illuminate\Foundation\Http\Kernel->Illuminate\Foundation\Http\{closure}(Object(Illuminate\Http\Request))
#34 /var/www/html/laravel-montesquieu/vendor/laravel/framework/src/Illuminate/Pipeline/Pipeline.php(139): call_user_func(Object(Closure), Object(Illuminate\Http\Request))
#35 /var/www/html/laravel-montesquieu/vendor/laravel/framework/src/Illuminate/Foundation/Http/Middleware/VerifyCsrfToken.php(50): Illuminate\Pipeline\Pipeline->Illuminate\Pipeline\{closure}(Object(Illuminate\Http\Request))
#36 [internal function]: Illuminate\Foundation\Http\Middleware\VerifyCsrfToken->handle(Object(Illuminate\Http\Request), Object(Closure))
#37 /var/www/html/laravel-montesquieu/vendor/laravel/framework/src/Illuminate/Pipeline/Pipeline.php(124): call_user_func_array(Array, Array)
#38 /var/www/html/laravel-montesquieu/vendor/laravel/framework/src/Illuminate/View/Middleware/ShareErrorsFromSession.php(49): Illuminate\Pipeline\Pipeline->Illuminate\Pipeline\{closure}(Object(Illuminate\Http\Request))
#39 [internal function]: Illuminate\View\Middleware\ShareErrorsFromSession->handle(Object(Illuminate\Http\Request), Object(Closure))
#40 /var/www/html/laravel-montesquieu/vendor/laravel/framework/src/Illuminate/Pipeline/Pipeline.php(124): call_user_func_array(Array, Array)
#41 /var/www/html/laravel-montesquieu/vendor/laravel/framework/src/Illuminate/Session/Middleware/StartSession.php(62): Illuminate\Pipeline\Pipeline->Illuminate\Pipeline\{closure}(Object(Illuminate\Http\Request))
#42 [internal function]: Illuminate\Session\Middleware\StartSession->handle(Object(Illuminate\Http\Request), Object(Closure))
#43 /var/www/html/laravel-montesquieu/vendor/laravel/framework/src/Illuminate/Pipeline/Pipeline.php(124): call_user_func_array(Array, Array)
#44 /var/www/html/laravel-montesquieu/vendor/laravel/framework/src/Illuminate/Cookie/Middleware/AddQueuedCookiesToResponse.php(37): Illuminate\Pipeline\Pipeline->Illuminate\Pipeline\{closure}(Object(Illuminate\Http\Request))
#45 [internal function]: Illuminate\Cookie\Middleware\AddQueuedCookiesToResponse->handle(Object(Illuminate\Http\Request), Object(Closure))
#46 /var/www/html/laravel-montesquieu/vendor/laravel/framework/src/Illuminate/Pipeline/Pipeline.php(124): call_user_func_array(Array, Array)
#47 /var/www/html/laravel-montesquieu/vendor/laravel/framework/src/Illuminate/Cookie/Middleware/EncryptCookies.php(59): Illuminate\Pipeline\Pipeline->Illuminate\Pipeline\{closure}(Object(Illuminate\Http\Request))
#48 [internal function]: Illuminate\Cookie\Middleware\EncryptCookies->handle(Object(Illuminate\Http\Request), Object(Closure))
#49 /var/www/html/laravel-montesquieu/vendor/laravel/framework/src/Illuminate/Pipeline/Pipeline.php(124): call_user_func_array(Array, Array)
#50 /var/www/html/laravel-montesquieu/vendor/laravel/framework/src/Illuminate/Foundation/Http/Middleware/CheckForMaintenanceMode.php(44): Illuminate\Pipeline\Pipeline->Illuminate\Pipeline\{closure}(Object(Illuminate\Http\Request))
#51 [internal function]: Illuminate\Foundation\Http\Middleware\CheckForMaintenanceMode->handle(Object(Illuminate\Http\Request), Object(Closure))
#52 /var/www/html/laravel-montesquieu/vendor/laravel/framework/src/Illuminate/Pipeline/Pipeline.php(124): call_user_func_array(Array, Array)
#53 [internal function]: Illuminate\Pipeline\Pipeline->Illuminate\Pipeline\{closure}(Object(Illuminate\Http\Request))
#54 /var/www/html/laravel-montesquieu/vendor/laravel/framework/src/Illuminate/Pipeline/Pipeline.php(103): call_user_func(Object(Closure), Object(Illuminate\Http\Request))
#55 /var/www/html/laravel-montesquieu/vendor/laravel/framework/src/Illuminate/Foundation/Http/Kernel.php(122): Illuminate\Pipeline\Pipeline->then(Object(Closure))
#56 /var/www/html/laravel-montesquieu/vendor/laravel/framework/src/Illuminate/Foundation/Http/Kernel.php(87): Illuminate\Foundation\Http\Kernel->sendRequestThroughRouter(Object(Illuminate\Http\Request))
#57 /var/www/html/laravel-montesquieu/vendor/laravel/framework/src/Illuminate/Foundation/Testing/CrawlerTrait.php(394): Illuminate\Foundation\Http\Kernel->handle(Object(Illuminate\Http\Request))
#58 /var/www/html/laravel-montesquieu/vendor/laravel/framework/src/Illuminate/Foundation/Testing/InteractsWithPages.php(61): Illuminate\Foundation\Testing\TestCase->call('POST', 'http://localhos...', Array, Array, Array)
#59 /var/www/html/laravel-montesquieu/vendor/laravel/framework/src/Illuminate/Foundation/Testing/InteractsWithPages.php(85): Illuminate\Foundation\Testing\TestCase->makeRequest('POST', 'http://localhos...', Array, Array, Array)
#60 /var/www/html/laravel-montesquieu/vendor/laravel/framework/src/Illuminate/Foundation/Testing/InteractsWithPages.php(658): Illuminate\Foundation\Testing\TestCase->makeRequestUsingForm(Object(Symfony\Component\DomCrawler\Form), Array)
#61 /var/www/html/laravel-montesquieu/vendor/laravel/framework/src/Illuminate/Foundation/Testing/InteractsWithPages.php(645): Illuminate\Foundation\Testing\TestCase->submitForm('Envoyer', Array, Array)
#62 /var/www/html/laravel-montesquieu/tests/ReservationTest.php(67): Illuminate\Foundation\Testing\TestCase->press('Envoyer')
#63 [internal function]: ReservationTest->testCreateOK()
#64 /var/www/html/laravel-montesquieu/vendor/phpunit/phpunit/src/Framework/TestCase.php(909): ReflectionMethod->invokeArgs(Object(ReservationTest), Array)
#65 /var/www/html/laravel-montesquieu/vendor/phpunit/phpunit/src/Framework/TestCase.php(768): PHPUnit_Framework_TestCase->runTest()
#66 /var/www/html/laravel-montesquieu/vendor/phpunit/phpunit/src/Framework/TestResult.php(612): PHPUnit_Framework_TestCase->runBare()
#67 /var/www/html/laravel-montesquieu/vendor/phpunit/phpunit/src/Framework/TestCase.php(724): PHPUnit_Framework_TestResult->run(Object(ReservationTest))
#68 /var/www/html/laravel-montesquieu/vendor/phpunit/phpunit/src/Framework/TestSuite.php(747): PHPUnit_Framework_TestCase->run(Object(PHPUnit_Framework_TestResult))
#69 /var/www/html/laravel-montesquieu/vendor/phpunit/phpunit/src/Framework/TestSuite.php(747): PHPUnit_Framework_TestSuite->run(Object(PHPUnit_Framework_TestResult))
#70 /var/www/html/laravel-montesquieu/vendor/phpunit/phpunit/src/TextUI/TestRunner.php(440): PHPUnit_Framework_TestSuite->run(Object(PHPUnit_Framework_TestResult))
#71 /var/www/html/laravel-montesquieu/vendor/phpunit/phpunit/src/TextUI/Command.php(149): PHPUnit_TextUI_TestRunner->doRun(Object(PHPUnit_Framework_TestSuite), Array)
#72 /var/www/html/laravel-montesquieu/vendor/phpunit/phpunit/src/TextUI/Command.php(100): PHPUnit_TextUI_Command->run(Array, true)
#73 /var/www/html/laravel-montesquieu/vendor/phpunit/phpunit/phpunit(47): PHPUnit_TextUI_Command::main()
#74 {main}
Caused by
exception 'PDOException' with message 'SQLSTATE[HY000]: General error: 1 no such table: reservations' in /var/www/html/laravel-montesquieu/vendor/laravel/framework/src/Illuminate/Database/Connection.php:390
Stack trace:
#0 /var/www/html/laravel-montesquieu/vendor/laravel/framework/src/Illuminate/Database/Connection.php(390): PDO->prepare('insert into "re...')
#1 /var/www/html/laravel-montesquieu/vendor/laravel/framework/src/Illuminate/Database/Connection.php(644): Illuminate\Database\Connection->Illuminate\Database\{closure}(Object(Illuminate\Database\SQLiteConnection), 'insert into "re...', Array)
#2 /var/www/html/laravel-montesquieu/vendor/laravel/framework/src/Illuminate/Database/Connection.php(611): Illuminate\Database\Connection->runQueryCallback('insert into "re...', Array, Object(Closure))
#3 /var/www/html/laravel-montesquieu/vendor/laravel/framework/src/Illuminate/Database/Connection.php(391): Illuminate\Database\Connection->run('insert into "re...', Array, Object(Closure))
#4 /var/www/html/laravel-montesquieu/vendor/laravel/framework/src/Illuminate/Database/Connection.php(347): Illuminate\Database\Connection->statement('insert into "re...', Array)
#5 /var/www/html/laravel-montesquieu/vendor/laravel/framework/src/Illuminate/Database/Query/Processors/Processor.php(32): Illuminate\Database\Connection->insert('insert into "re...', Array)
#6 /var/www/html/laravel-montesquieu/vendor/laravel/framework/src/Illuminate/Database/Query/Builder.php(1801): Illuminate\Database\Query\Processors\Processor->processInsertGetId(Object(Illuminate\Database\Query\Builder), 'insert into "re...', Array, 'id')
#7 [internal function]: Illuminate\Database\Query\Builder->insertGetId(Array, 'id')
#8 /var/www/html/laravel-montesquieu/vendor/laravel/framework/src/Illuminate/Database/Eloquent/Builder.php(943): call_user_func_array(Array, Array)
#9 /var/www/html/laravel-montesquieu/vendor/laravel/framework/src/Illuminate/Database/Eloquent/Model.php(1654): Illuminate\Database\Eloquent\Builder->__call('insertGetId', Array)
#10 /var/www/html/laravel-montesquieu/vendor/laravel/framework/src/Illuminate/Database/Eloquent/Model.php(1654): Illuminate\Database\Eloquent\Builder->insertGetId(Array, 'id')
#11 /var/www/html/laravel-montesquieu/vendor/laravel/framework/src/Illuminate/Database/Eloquent/Model.php(1623): Illuminate\Database\Eloquent\Model->insertAndSetId(Object(Illuminate\Database\Eloquent\Builder), Array)
#12 /var/www/html/laravel-montesquieu/vendor/laravel/framework/src/Illuminate/Database/Eloquent/Model.php(1514): Illuminate\Database\Eloquent\Model->performInsert(Object(Illuminate\Database\Eloquent\Builder), Array)
#13 /var/www/html/laravel-montesquieu/app/Http/Controllers/ReservationController.php(81): Illuminate\Database\Eloquent\Model->save()
#14 [internal function]: App\Http\Controllers\ReservationController->store(Object(App\Http\Requests\ReservationRequest))
#15 /var/www/html/laravel-montesquieu/vendor/laravel/framework/src/Illuminate/Routing/Controller.php(256): call_user_func_array(Array, Array)
#16 /var/www/html/laravel-montesquieu/vendor/laravel/framework/src/Illuminate/Routing/ControllerDispatcher.php(164): Illuminate\Routing\Controller->callAction('store', Array)
#17 /var/www/html/laravel-montesquieu/vendor/laravel/framework/src/Illuminate/Routing/ControllerDispatcher.php(112): Illuminate\Routing\ControllerDispatcher->call(Object(App\Http\Controllers\ReservationController), Object(Illuminate\Routing\Route), 'store')
#18 [internal function]: Illuminate\Routing\ControllerDispatcher->Illuminate\Routing\{closure}(Object(Illuminate\Http\Request))
#19 /var/www/html/laravel-montesquieu/vendor/laravel/framework/src/Illuminate/Pipeline/Pipeline.php(139): call_user_func(Object(Closure), Object(Illuminate\Http\Request))
#20 [internal function]: Illuminate\Pipeline\Pipeline->Illuminate\Pipeline\{closure}(Object(Illuminate\Http\Request))
#21 /var/www/html/laravel-montesquieu/vendor/laravel/framework/src/Illuminate/Pipeline/Pipeline.php(103): call_user_func(Object(Closure), Object(Illuminate\Http\Request))
#22 /var/www/html/laravel-montesquieu/vendor/laravel/framework/src/Illuminate/Routing/ControllerDispatcher.php(114): Illuminate\Pipeline\Pipeline->then(Object(Closure))
#23 /var/www/html/laravel-montesquieu/vendor/laravel/framework/src/Illuminate/Routing/ControllerDispatcher.php(69): Illuminate\Routing\ControllerDispatcher->callWithinStack(Object(App\Http\Controllers\ReservationController), Object(Illuminate\Routing\Route), Object(Illuminate\Http\Request), 'store')
#24 /var/www/html/laravel-montesquieu/vendor/laravel/framework/src/Illuminate/Routing/Route.php(203): Illuminate\Routing\ControllerDispatcher->dispatch(Object(Illuminate\Routing\Route), Object(Illuminate\Http\Request), 'App\Http\Contro...', 'store')
#25 /var/www/html/laravel-montesquieu/vendor/laravel/framework/src/Illuminate/Routing/Route.php(134): Illuminate\Routing\Route->runWithCustomDispatcher(Object(Illuminate\Http\Request))
#26 /var/www/html/laravel-montesquieu/vendor/laravel/framework/src/Illuminate/Routing/Router.php(708): Illuminate\Routing\Route->run(Object(Illuminate\Http\Request))
#27 [internal function]: Illuminate\Routing\Router->Illuminate\Routing\{closure}(Object(Illuminate\Http\Request))
#28 /var/www/html/laravel-montesquieu/vendor/laravel/framework/src/Illuminate/Pipeline/Pipeline.php(139): call_user_func(Object(Closure), Object(Illuminate\Http\Request))
#29 [internal function]: Illuminate\Pipeline\Pipeline->Illuminate\Pipeline\{closure}(Object(Illuminate\Http\Request))
#30 /var/www/html/laravel-montesquieu/vendor/laravel/framework/src/Illuminate/Pipeline/Pipeline.php(103): call_user_func(Object(Closure), Object(Illuminate\Http\Request))
#31 /var/www/html/laravel-montesquieu/vendor/laravel/framework/src/Illuminate/Routing/Router.php(710): Illuminate\Pipeline\Pipeline->then(Object(Closure))
#32 /var/www/html/laravel-montesquieu/vendor/laravel/framework/src/Illuminate/Routing/Router.php(675): Illuminate\Routing\Router->runRouteWithinStack(Object(Illuminate\Routing\Route), Object(Illuminate\Http\Request))
#33 /var/www/html/laravel-montesquieu/vendor/laravel/framework/src/Illuminate/Routing/Router.php(635): Illuminate\Routing\Router->dispatchToRoute(Object(Illuminate\Http\Request))
#34 /var/www/html/laravel-montesquieu/vendor/laravel/framework/src/Illuminate/Foundation/Http/Kernel.php(236): Illuminate\Routing\Router->dispatch(Object(Illuminate\Http\Request))
#35 [internal function]: Illuminate\Foundation\Http\Kernel->Illuminate\Foundation\Http\{closure}(Object(Illuminate\Http\Request))
#36 /var/www/html/laravel-montesquieu/vendor/laravel/framework/src/Illuminate/Pipeline/Pipeline.php(139): call_user_func(Object(Closure), Object(Illuminate\Http\Request))
#37 /var/www/html/laravel-montesquieu/vendor/laravel/framework/src/Illuminate/Foundation/Http/Middleware/VerifyCsrfToken.php(50): Illuminate\Pipeline\Pipeline->Illuminate\Pipeline\{closure}(Object(Illuminate\Http\Request))
#38 [internal function]: Illuminate\Foundation\Http\Middleware\VerifyCsrfToken->handle(Object(Illuminate\Http\Request), Object(Closure))
#39 /var/www/html/laravel-montesquieu/vendor/laravel/framework/src/Illuminate/Pipeline/Pipeline.php(124): call_user_func_array(Array, Array)
#40 /var/www/html/laravel-montesquieu/vendor/laravel/framework/src/Illuminate/View/Middleware/ShareErrorsFromSession.php(49): Illuminate\Pipeline\Pipeline->Illuminate\Pipeline\{closure}(Object(Illuminate\Http\Request))
#41 [internal function]: Illuminate\View\Middleware\ShareErrorsFromSession->handle(Object(Illuminate\Http\Request), Object(Closure))
#42 /var/www/html/laravel-montesquieu/vendor/laravel/framework/src/Illuminate/Pipeline/Pipeline.php(124): call_user_func_array(Array, Array)
#43 /var/www/html/laravel-montesquieu/vendor/laravel/framework/src/Illuminate/Session/Middleware/StartSession.php(62): Illuminate\Pipeline\Pipeline->Illuminate\Pipeline\{closure}(Object(Illuminate\Http\Request))
#44 [internal function]: Illuminate\Session\Middleware\StartSession->handle(Object(Illuminate\Http\Request), Object(Closure))
#45 /var/www/html/laravel-montesquieu/vendor/laravel/framework/src/Illuminate/Pipeline/Pipeline.php(124): call_user_func_array(Array, Array)
#46 /var/www/html/laravel-montesquieu/vendor/laravel/framework/src/Illuminate/Cookie/Middleware/AddQueuedCookiesToResponse.php(37): Illuminate\Pipeline\Pipeline->Illuminate\Pipeline\{closure}(Object(Illuminate\Http\Request))
#47 [internal function]: Illuminate\Cookie\Middleware\AddQueuedCookiesToResponse->handle(Object(Illuminate\Http\Request), Object(Closure))
#48 /var/www/html/laravel-montesquieu/vendor/laravel/framework/src/Illuminate/Pipeline/Pipeline.php(124): call_user_func_array(Array, Array)
#49 /var/www/html/laravel-montesquieu/vendor/laravel/framework/src/Illuminate/Cookie/Middleware/EncryptCookies.php(59): Illuminate\Pipeline\Pipeline->Illuminate\Pipeline\{closure}(Object(Illuminate\Http\Request))
#50 [internal function]: Illuminate\Cookie\Middleware\EncryptCookies->handle(Object(Illuminate\Http\Request), Object(Closure))
#51 /var/www/html/laravel-montesquieu/vendor/laravel/framework/src/Illuminate/Pipeline/Pipeline.php(124): call_user_func_array(Array, Array)
#52 /var/www/html/laravel-montesquieu/vendor/laravel/framework/src/Illuminate/Foundation/Http/Middleware/CheckForMaintenanceMode.php(44): Illuminate\Pipeline\Pipeline->Illuminate\Pipeline\{closure}(Object(Illuminate\Http\Request))
#53 [internal function]: Illuminate\Foundation\Http\Middleware\CheckForMaintenanceMode->handle(Object(Illuminate\Http\Request), Object(Closure))
#54 /var/www/html/laravel-montesquieu/vendor/laravel/framework/src/Illuminate/Pipeline/Pipeline.php(124): call_user_func_array(Array, Array)
#55 [internal function]: Illuminate\Pipeline\Pipeline->Illuminate\Pipeline\{closure}(Object(Illuminate\Http\Request))
#56 /var/www/html/laravel-montesquieu/vendor/laravel/framework/src/Illuminate/Pipeline/Pipeline.php(103): call_user_func(Object(Closure), Object(Illuminate\Http\Request))
#57 /var/www/html/laravel-montesquieu/vendor/laravel/framework/src/Illuminate/Foundation/Http/Kernel.php(122): Illuminate\Pipeline\Pipeline->then(Object(Closure))
#58 /var/www/html/laravel-montesquieu/vendor/laravel/framework/src/Illuminate/Foundation/Http/Kernel.php(87): Illuminate\Foundation\Http\Kernel->sendRequestThroughRouter(Object(Illuminate\Http\Request))
#59 /var/www/html/laravel-montesquieu/vendor/laravel/framework/src/Illuminate/Foundation/Testing/CrawlerTrait.php(394): Illuminate\Foundation\Http\Kernel->handle(Object(Illuminate\Http\Request))
#60 /var/www/html/laravel-montesquieu/vendor/laravel/framework/src/Illuminate/Foundation/Testing/InteractsWithPages.php(61): Illuminate\Foundation\Testing\TestCase->call('POST', 'http://localhos...', Array, Array, Array)
#61 /var/www/html/laravel-montesquieu/vendor/laravel/framework/src/Illuminate/Foundation/Testing/InteractsWithPages.php(85): Illuminate\Foundation\Testing\TestCase->makeRequest('POST', 'http://localhos...', Array, Array, Array)
#62 /var/www/html/laravel-montesquieu/vendor/laravel/framework/src/Illuminate/Foundation/Testing/InteractsWithPages.php(658): Illuminate\Foundation\Testing\TestCase->makeRequestUsingForm(Object(Symfony\Component\DomCrawler\Form), Array)
#63 /var/www/html/laravel-montesquieu/vendor/laravel/framework/src/Illuminate/Foundation/Testing/InteractsWithPages.php(645): Illuminate\Foundation\Testing\TestCase->submitForm('Envoyer', Array, Array)
#64 /var/www/html/laravel-montesquieu/tests/ReservationTest.php(67): Illuminate\Foundation\Testing\TestCase->press('Envoyer')
#65 [internal function]: ReservationTest->testCreateOK()
#66 /var/www/html/laravel-montesquieu/vendor/phpunit/phpunit/src/Framework/TestCase.php(909): ReflectionMethod->invokeArgs(Object(ReservationTest), Array)
#67 /var/www/html/laravel-montesquieu/vendor/phpunit/phpunit/src/Framework/TestCase.php(768): PHPUnit_Framework_TestCase->runTest()
#68 /var/www/html/laravel-montesquieu/vendor/phpunit/phpunit/src/Framework/TestResult.php(612): PHPUnit_Framework_TestCase->runBare()
#69 /var/www/html/laravel-montesquieu/vendor/phpunit/phpunit/src/Framework/TestCase.php(724): PHPUnit_Framework_TestResult->run(Object(ReservationTest))
#70 /var/www/html/laravel-montesquieu/vendor/phpunit/phpunit/src/Framework/TestSuite.php(747): PHPUnit_Framework_TestCase->run(Object(PHPUnit_Framework_TestResult))
#71 /var/www/html/laravel-montesquieu/vendor/phpunit/phpunit/src/Framework/TestSuite.php(747): PHPUnit_Framework_TestSuite->run(Object(PHPUnit_Framework_TestResult))
#72 /var/www/html/laravel-montesquieu/vendor/phpunit/phpunit/src/TextUI/TestRunner.php(440): PHPUnit_Framework_TestSuite->run(Object(PHPUnit_Framework_TestResult))
#73 /var/www/html/laravel-montesquieu/vendor/phpunit/phpunit/src/TextUI/Command.php(149): PHPUnit_TextUI_TestRunner->doRun(Object(PHPUnit_Framework_TestSuite), Array)
#74 /var/www/html/laravel-montesquieu/vendor/phpunit/phpunit/src/TextUI/Command.php(100): PHPUnit_TextUI_Command->run(Array, true)
#75 /var/www/html/laravel-montesquieu/vendor/phpunit/phpunit/phpunit(47): PHPUnit_TextUI_Command::main()
#76 {main}
2) ReservationTest::testIndex
A request to [http://localhost/reservation] failed. Received status code [500].

/var/www/html/laravel-montesquieu/vendor/laravel/framework/src/Illuminate/Foundation/Testing/InteractsWithPages.php:165
/var/www/html/laravel-montesquieu/vendor/laravel/framework/src/Illuminate/Foundation/Testing/InteractsWithPages.php:63
/var/www/html/laravel-montesquieu/vendor/laravel/framework/src/Illuminate/Foundation/Testing/InteractsWithPages.php:85
/var/www/html/laravel-montesquieu/vendor/laravel/framework/src/Illuminate/Foundation/Testing/InteractsWithPages.php:658
/var/www/html/laravel-montesquieu/vendor/laravel/framework/src/Illuminate/Foundation/Testing/InteractsWithPages.php:645
/var/www/html/laravel-montesquieu/tests/ReservationTest.php:67
/var/www/html/laravel-montesquieu/tests/ReservationTest.php:254

Caused by
exception 'PDOException' with message 'SQLSTATE[HY000]: General error: 1 no such table: reservations' in /var/www/html/laravel-montesquieu/vendor/laravel/framework/src/Illuminate/Database/Connection.php:390
Stack trace:
#0 /var/www/html/laravel-montesquieu/vendor/laravel/framework/src/Illuminate/Database/Connection.php(390): PDO->prepare('insert into "re...')
#1 /var/www/html/laravel-montesquieu/vendor/laravel/framework/src/Illuminate/Database/Connection.php(644): Illuminate\Database\Connection->Illuminate\Database\{closure}(Object(Illuminate\Database\SQLiteConnection), 'insert into "re...', Array)
#2 /var/www/html/laravel-montesquieu/vendor/laravel/framework/src/Illuminate/Database/Connection.php(611): Illuminate\Database\Connection->runQueryCallback('insert into "re...', Array, Object(Closure))
#3 /var/www/html/laravel-montesquieu/vendor/laravel/framework/src/Illuminate/Database/Connection.php(391): Illuminate\Database\Connection->run('insert into "re...', Array, Object(Closure))
#4 /var/www/html/laravel-montesquieu/vendor/laravel/framework/src/Illuminate/Database/Connection.php(347): Illuminate\Database\Connection->statement('insert into "re...', Array)
#5 /var/www/html/laravel-montesquieu/vendor/laravel/framework/src/Illuminate/Database/Query/Processors/Processor.php(32): Illuminate\Database\Connection->insert('insert into "re...', Array)
#6 /var/www/html/laravel-montesquieu/vendor/laravel/framework/src/Illuminate/Database/Query/Builder.php(1801): Illuminate\Database\Query\Processors\Processor->processInsertGetId(Object(Illuminate\Database\Query\Builder), 'insert into "re...', Array, 'id')
#7 [internal function]: Illuminate\Database\Query\Builder->insertGetId(Array, 'id')
#8 /var/www/html/laravel-montesquieu/vendor/laravel/framework/src/Illuminate/Database/Eloquent/Builder.php(943): call_user_func_array(Array, Array)
#9 /var/www/html/laravel-montesquieu/vendor/laravel/framework/src/Illuminate/Database/Eloquent/Model.php(1654): Illuminate\Database\Eloquent\Builder->__call('insertGetId', Array)
#10 /var/www/html/laravel-montesquieu/vendor/laravel/framework/src/Illuminate/Database/Eloquent/Model.php(1654): Illuminate\Database\Eloquent\Builder->insertGetId(Array, 'id')
#11 /var/www/html/laravel-montesquieu/vendor/laravel/framework/src/Illuminate/Database/Eloquent/Model.php(1623): Illuminate\Database\Eloquent\Model->insertAndSetId(Object(Illuminate\Database\Eloquent\Builder), Array)
#12 /var/www/html/laravel-montesquieu/vendor/laravel/framework/src/Illuminate/Database/Eloquent/Model.php(1514): Illuminate\Database\Eloquent\Model->performInsert(Object(Illuminate\Database\Eloquent\Builder), Array)
#13 /var/www/html/laravel-montesquieu/app/Http/Controllers/ReservationController.php(81): Illuminate\Database\Eloquent\Model->save()
#14 [internal function]: App\Http\Controllers\ReservationController->store(Object(App\Http\Requests\ReservationRequest))
#15 /var/www/html/laravel-montesquieu/vendor/laravel/framework/src/Illuminate/Routing/Controller.php(256): call_user_func_array(Array, Array)
#16 /var/www/html/laravel-montesquieu/vendor/laravel/framework/src/Illuminate/Routing/ControllerDispatcher.php(164): Illuminate\Routing\Controller->callAction('store', Array)
#17 /var/www/html/laravel-montesquieu/vendor/laravel/framework/src/Illuminate/Routing/ControllerDispatcher.php(112): Illuminate\Routing\ControllerDispatcher->call(Object(App\Http\Controllers\ReservationController), Object(Illuminate\Routing\Route), 'store')
#18 [internal function]: Illuminate\Routing\ControllerDispatcher->Illuminate\Routing\{closure}(Object(Illuminate\Http\Request))
#19 /var/www/html/laravel-montesquieu/vendor/laravel/framework/src/Illuminate/Pipeline/Pipeline.php(139): call_user_func(Object(Closure), Object(Illuminate\Http\Request))
#20 [internal function]: Illuminate\Pipeline\Pipeline->Illuminate\Pipeline\{closure}(Object(Illuminate\Http\Request))
#21 /var/www/html/laravel-montesquieu/vendor/laravel/framework/src/Illuminate/Pipeline/Pipeline.php(103): call_user_func(Object(Closure), Object(Illuminate\Http\Request))
#22 /var/www/html/laravel-montesquieu/vendor/laravel/framework/src/Illuminate/Routing/ControllerDispatcher.php(114): Illuminate\Pipeline\Pipeline->then(Object(Closure))
#23 /var/www/html/laravel-montesquieu/vendor/laravel/framework/src/Illuminate/Routing/ControllerDispatcher.php(69): Illuminate\Routing\ControllerDispatcher->callWithinStack(Object(App\Http\Controllers\ReservationController), Object(Illuminate\Routing\Route), Object(Illuminate\Http\Request), 'store')
#24 /var/www/html/laravel-montesquieu/vendor/laravel/framework/src/Illuminate/Routing/Route.php(203): Illuminate\Routing\ControllerDispatcher->dispatch(Object(Illuminate\Routing\Route), Object(Illuminate\Http\Request), 'App\Http\Contro...', 'store')
#25 /var/www/html/laravel-montesquieu/vendor/laravel/framework/src/Illuminate/Routing/Route.php(134): Illuminate\Routing\Route->runWithCustomDispatcher(Object(Illuminate\Http\Request))
#26 /var/www/html/laravel-montesquieu/vendor/laravel/framework/src/Illuminate/Routing/Router.php(708): Illuminate\Routing\Route->run(Object(Illuminate\Http\Request))
#27 [internal function]: Illuminate\Routing\Router->Illuminate\Routing\{closure}(Object(Illuminate\Http\Request))
#28 /var/www/html/laravel-montesquieu/vendor/laravel/framework/src/Illuminate/Pipeline/Pipeline.php(139): call_user_func(Object(Closure), Object(Illuminate\Http\Request))
#29 [internal function]: Illuminate\Pipeline\Pipeline->Illuminate\Pipeline\{closure}(Object(Illuminate\Http\Request))
#30 /var/www/html/laravel-montesquieu/vendor/laravel/framework/src/Illuminate/Pipeline/Pipeline.php(103): call_user_func(Object(Closure), Object(Illuminate\Http\Request))
#31 /var/www/html/laravel-montesquieu/vendor/laravel/framework/src/Illuminate/Routing/Router.php(710): Illuminate\Pipeline\Pipeline->then(Object(Closure))
#32 /var/www/html/laravel-montesquieu/vendor/laravel/framework/src/Illuminate/Routing/Router.php(675): Illuminate\Routing\Router->runRouteWithinStack(Object(Illuminate\Routing\Route), Object(Illuminate\Http\Request))
#33 /var/www/html/laravel-montesquieu/vendor/laravel/framework/src/Illuminate/Routing/Router.php(635): Illuminate\Routing\Router->dispatchToRoute(Object(Illuminate\Http\Request))
#34 /var/www/html/laravel-montesquieu/vendor/laravel/framework/src/Illuminate/Foundation/Http/Kernel.php(236): Illuminate\Routing\Router->dispatch(Object(Illuminate\Http\Request))
#35 [internal function]: Illuminate\Foundation\Http\Kernel->Illuminate\Foundation\Http\{closure}(Object(Illuminate\Http\Request))
#36 /var/www/html/laravel-montesquieu/vendor/laravel/framework/src/Illuminate/Pipeline/Pipeline.php(139): call_user_func(Object(Closure), Object(Illuminate\Http\Request))
#37 /var/www/html/laravel-montesquieu/vendor/laravel/framework/src/Illuminate/Foundation/Http/Middleware/VerifyCsrfToken.php(50): Illuminate\Pipeline\Pipeline->Illuminate\Pipeline\{closure}(Object(Illuminate\Http\Request))
#38 [internal function]: Illuminate\Foundation\Http\Middleware\VerifyCsrfToken->handle(Object(Illuminate\Http\Request), Object(Closure))
#39 /var/www/html/laravel-montesquieu/vendor/laravel/framework/src/Illuminate/Pipeline/Pipeline.php(124): call_user_func_array(Array, Array)
#40 /var/www/html/laravel-montesquieu/vendor/laravel/framework/src/Illuminate/View/Middleware/ShareErrorsFromSession.php(49): Illuminate\Pipeline\Pipeline->Illuminate\Pipeline\{closure}(Object(Illuminate\Http\Request))
#41 [internal function]: Illuminate\View\Middleware\ShareErrorsFromSession->handle(Object(Illuminate\Http\Request), Object(Closure))
#42 /var/www/html/laravel-montesquieu/vendor/laravel/framework/src/Illuminate/Pipeline/Pipeline.php(124): call_user_func_array(Array, Array)
#43 /var/www/html/laravel-montesquieu/vendor/laravel/framework/src/Illuminate/Session/Middleware/StartSession.php(62): Illuminate\Pipeline\Pipeline->Illuminate\Pipeline\{closure}(Object(Illuminate\Http\Request))
#44 [internal function]: Illuminate\Session\Middleware\StartSession->handle(Object(Illuminate\Http\Request), Object(Closure))
#45 /var/www/html/laravel-montesquieu/vendor/laravel/framework/src/Illuminate/Pipeline/Pipeline.php(124): call_user_func_array(Array, Array)
#46 /var/www/html/laravel-montesquieu/vendor/laravel/framework/src/Illuminate/Cookie/Middleware/AddQueuedCookiesToResponse.php(37): Illuminate\Pipeline\Pipeline->Illuminate\Pipeline\{closure}(Object(Illuminate\Http\Request))
#47 [internal function]: Illuminate\Cookie\Middleware\AddQueuedCookiesToResponse->handle(Object(Illuminate\Http\Request), Object(Closure))
#48 /var/www/html/laravel-montesquieu/vendor/laravel/framework/src/Illuminate/Pipeline/Pipeline.php(124): call_user_func_array(Array, Array)
#49 /var/www/html/laravel-montesquieu/vendor/laravel/framework/src/Illuminate/Cookie/Middleware/EncryptCookies.php(59): Illuminate\Pipeline\Pipeline->Illuminate\Pipeline\{closure}(Object(Illuminate\Http\Request))
#50 [internal function]: Illuminate\Cookie\Middleware\EncryptCookies->handle(Object(Illuminate\Http\Request), Object(Closure))
#51 /var/www/html/laravel-montesquieu/vendor/laravel/framework/src/Illuminate/Pipeline/Pipeline.php(124): call_user_func_array(Array, Array)
#52 /var/www/html/laravel-montesquieu/vendor/laravel/framework/src/Illuminate/Foundation/Http/Middleware/CheckForMaintenanceMode.php(44): Illuminate\Pipeline\Pipeline->Illuminate\Pipeline\{closure}(Object(Illuminate\Http\Request))
#53 [internal function]: Illuminate\Foundation\Http\Middleware\CheckForMaintenanceMode->handle(Object(Illuminate\Http\Request), Object(Closure))
#54 /var/www/html/laravel-montesquieu/vendor/laravel/framework/src/Illuminate/Pipeline/Pipeline.php(124): call_user_func_array(Array, Array)
#55 [internal function]: Illuminate\Pipeline\Pipeline->Illuminate\Pipeline\{closure}(Object(Illuminate\Http\Request))
#56 /var/www/html/laravel-montesquieu/vendor/laravel/framework/src/Illuminate/Pipeline/Pipeline.php(103): call_user_func(Object(Closure), Object(Illuminate\Http\Request))
#57 /var/www/html/laravel-montesquieu/vendor/laravel/framework/src/Illuminate/Foundation/Http/Kernel.php(122): Illuminate\Pipeline\Pipeline->then(Object(Closure))
#58 /var/www/html/laravel-montesquieu/vendor/laravel/framework/src/Illuminate/Foundation/Http/Kernel.php(87): Illuminate\Foundation\Http\Kernel->sendRequestThroughRouter(Object(Illuminate\Http\Request))
#59 /var/www/html/laravel-montesquieu/vendor/laravel/framework/src/Illuminate/Foundation/Testing/CrawlerTrait.php(394): Illuminate\Foundation\Http\Kernel->handle(Object(Illuminate\Http\Request))
#60 /var/www/html/laravel-montesquieu/vendor/laravel/framework/src/Illuminate/Foundation/Testing/InteractsWithPages.php(61): Illuminate\Foundation\Testing\TestCase->call('POST', 'http://localhos...', Array, Array, Array)
#61 /var/www/html/laravel-montesquieu/vendor/laravel/framework/src/Illuminate/Foundation/Testing/InteractsWithPages.php(85): Illuminate\Foundation\Testing\TestCase->makeRequest('POST', 'http://localhos...', Array, Array, Array)
#62 /var/www/html/laravel-montesquieu/vendor/laravel/framework/src/Illuminate/Foundation/Testing/InteractsWithPages.php(658): Illuminate\Foundation\Testing\TestCase->makeRequestUsingForm(Object(Symfony\Component\DomCrawler\Form), Array)
#63 /var/www/html/laravel-montesquieu/vendor/laravel/framework/src/Illuminate/Foundation/Testing/InteractsWithPages.php(645): Illuminate\Foundation\Testing\TestCase->submitForm('Envoyer', Array, Array)
#64 /var/www/html/laravel-montesquieu/tests/ReservationTest.php(67): Illuminate\Foundation\Testing\TestCase->press('Envoyer')
#65 /var/www/html/laravel-montesquieu/tests/ReservationTest.php(254): ReservationTest->testCreateOK()
#66 [internal function]: ReservationTest->testIndex()
#67 /var/www/html/laravel-montesquieu/vendor/phpunit/phpunit/src/Framework/TestCase.php(909): ReflectionMethod->invokeArgs(Object(ReservationTest), Array)
#68 /var/www/html/laravel-montesquieu/vendor/phpunit/phpunit/src/Framework/TestCase.php(768): PHPUnit_Framework_TestCase->runTest()
#69 /var/www/html/laravel-montesquieu/vendor/phpunit/phpunit/src/Framework/TestResult.php(612): PHPUnit_Framework_TestCase->runBare()
#70 /var/www/html/laravel-montesquieu/vendor/phpunit/phpunit/src/Framework/TestCase.php(724): PHPUnit_Framework_TestResult->run(Object(ReservationTest))
#71 /var/www/html/laravel-montesquieu/vendor/phpunit/phpunit/src/Framework/TestSuite.php(747): PHPUnit_Framework_TestCase->run(Object(PHPUnit_Framework_TestResult))
#72 /var/www/html/laravel-montesquieu/vendor/phpunit/phpunit/src/Framework/TestSuite.php(747): PHPUnit_Framework_TestSuite->run(Object(PHPUnit_Framework_TestResult))
#73 /var/www/html/laravel-montesquieu/vendor/phpunit/phpunit/src/TextUI/TestRunner.php(440): PHPUnit_Framework_TestSuite->run(Object(PHPUnit_Framework_TestResult))
#74 /var/www/html/laravel-montesquieu/vendor/phpunit/phpunit/src/TextUI/Command.php(149): PHPUnit_TextUI_TestRunner->doRun(Object(PHPUnit_Framework_TestSuite), Array)
#75 /var/www/html/laravel-montesquieu/vendor/phpunit/phpunit/src/TextUI/Command.php(100): PHPUnit_TextUI_Command->run(Array, true)
#76 /var/www/html/laravel-montesquieu/vendor/phpunit/phpunit/phpunit(47): PHPUnit_TextUI_Command::main()
#77 {main}

Next exception 'Illuminate\Database\QueryException' with message 'SQLSTATE[HY000]: General error: 1 no such table: reservations (SQL: insert into "reservations" ("name", "forename", "email", "nb_people", "arrive_at", "leave_at", "is_valid", "updated_at", "created_at") values (Michelle, Bernard, marthe.clerc@tiscali.fr, 10, 2016-01-02 15:03:00, 2016-01-26 15:03:00, 0, 2015-12-29 15:03:00, 2015-12-29 15:03:00))' in /var/www/html/laravel-montesquieu/vendor/laravel/framework/src/Illuminate/Database/Connection.php:651
Stack trace:
#0 /var/www/html/laravel-montesquieu/vendor/laravel/framework/src/Illuminate/Database/Connection.php(611): Illuminate\Database\Connection->runQueryCallback('insert into "re...', Array, Object(Closure))
#1 /var/www/html/laravel-montesquieu/vendor/laravel/framework/src/Illuminate/Database/Connection.php(391): Illuminate\Database\Connection->run('insert into "re...', Array, Object(Closure))
#2 /var/www/html/laravel-montesquieu/vendor/laravel/framework/src/Illuminate/Database/Connection.php(347): Illuminate\Database\Connection->statement('insert into "re...', Array)
#3 /var/www/html/laravel-montesquieu/vendor/laravel/framework/src/Illuminate/Database/Query/Processors/Processor.php(32): Illuminate\Database\Connection->insert('insert into "re...', Array)
#4 /var/www/html/laravel-montesquieu/vendor/laravel/framework/src/Illuminate/Database/Query/Builder.php(1801): Illuminate\Database\Query\Processors\Processor->processInsertGetId(Object(Illuminate\Database\Query\Builder), 'insert into "re...', Array, 'id')
#5 [internal function]: Illuminate\Database\Query\Builder->insertGetId(Array, 'id')
#6 /var/www/html/laravel-montesquieu/vendor/laravel/framework/src/Illuminate/Database/Eloquent/Builder.php(943): call_user_func_array(Array, Array)
#7 /var/www/html/laravel-montesquieu/vendor/laravel/framework/src/Illuminate/Database/Eloquent/Model.php(1654): Illuminate\Database\Eloquent\Builder->__call('insertGetId', Array)
#8 /var/www/html/laravel-montesquieu/vendor/laravel/framework/src/Illuminate/Database/Eloquent/Model.php(1654): Illuminate\Database\Eloquent\Builder->insertGetId(Array, 'id')
#9 /var/www/html/laravel-montesquieu/vendor/laravel/framework/src/Illuminate/Database/Eloquent/Model.php(1623): Illuminate\Database\Eloquent\Model->insertAndSetId(Object(Illuminate\Database\Eloquent\Builder), Array)
#10 /var/www/html/laravel-montesquieu/vendor/laravel/framework/src/Illuminate/Database/Eloquent/Model.php(1514): Illuminate\Database\Eloquent\Model->performInsert(Object(Illuminate\Database\Eloquent\Builder), Array)
#11 /var/www/html/laravel-montesquieu/app/Http/Controllers/ReservationController.php(81): Illuminate\Database\Eloquent\Model->save()
#12 [internal function]: App\Http\Controllers\ReservationController->store(Object(App\Http\Requests\ReservationRequest))
#13 /var/www/html/laravel-montesquieu/vendor/laravel/framework/src/Illuminate/Routing/Controller.php(256): call_user_func_array(Array, Array)
#14 /var/www/html/laravel-montesquieu/vendor/laravel/framework/src/Illuminate/Routing/ControllerDispatcher.php(164): Illuminate\Routing\Controller->callAction('store', Array)
#15 /var/www/html/laravel-montesquieu/vendor/laravel/framework/src/Illuminate/Routing/ControllerDispatcher.php(112): Illuminate\Routing\ControllerDispatcher->call(Object(App\Http\Controllers\ReservationController), Object(Illuminate\Routing\Route), 'store')
#16 [internal function]: Illuminate\Routing\ControllerDispatcher->Illuminate\Routing\{closure}(Object(Illuminate\Http\Request))
#17 /var/www/html/laravel-montesquieu/vendor/laravel/framework/src/Illuminate/Pipeline/Pipeline.php(139): call_user_func(Object(Closure), Object(Illuminate\Http\Request))
#18 [internal function]: Illuminate\Pipeline\Pipeline->Illuminate\Pipeline\{closure}(Object(Illuminate\Http\Request))
#19 /var/www/html/laravel-montesquieu/vendor/laravel/framework/src/Illuminate/Pipeline/Pipeline.php(103): call_user_func(Object(Closure), Object(Illuminate\Http\Request))
#20 /var/www/html/laravel-montesquieu/vendor/laravel/framework/src/Illuminate/Routing/ControllerDispatcher.php(114): Illuminate\Pipeline\Pipeline->then(Object(Closure))
#21 /var/www/html/laravel-montesquieu/vendor/laravel/framework/src/Illuminate/Routing/ControllerDispatcher.php(69): Illuminate\Routing\ControllerDispatcher->callWithinStack(Object(App\Http\Controllers\ReservationController), Object(Illuminate\Routing\Route), Object(Illuminate\Http\Request), 'store')
#22 /var/www/html/laravel-montesquieu/vendor/laravel/framework/src/Illuminate/Routing/Route.php(203): Illuminate\Routing\ControllerDispatcher->dispatch(Object(Illuminate\Routing\Route), Object(Illuminate\Http\Request), 'App\Http\Contro...', 'store')
#23 /var/www/html/laravel-montesquieu/vendor/laravel/framework/src/Illuminate/Routing/Route.php(134): Illuminate\Routing\Route->runWithCustomDispatcher(Object(Illuminate\Http\Request))
#24 /var/www/html/laravel-montesquieu/vendor/laravel/framework/src/Illuminate/Routing/Router.php(708): Illuminate\Routing\Route->run(Object(Illuminate\Http\Request))
#25 [internal function]: Illuminate\Routing\Router->Illuminate\Routing\{closure}(Object(Illuminate\Http\Request))
#26 /var/www/html/laravel-montesquieu/vendor/laravel/framework/src/Illuminate/Pipeline/Pipeline.php(139): call_user_func(Object(Closure), Object(Illuminate\Http\Request))
#27 [internal function]: Illuminate\Pipeline\Pipeline->Illuminate\Pipeline\{closure}(Object(Illuminate\Http\Request))
#28 /var/www/html/laravel-montesquieu/vendor/laravel/framework/src/Illuminate/Pipeline/Pipeline.php(103): call_user_func(Object(Closure), Object(Illuminate\Http\Request))
#29 /var/www/html/laravel-montesquieu/vendor/laravel/framework/src/Illuminate/Routing/Router.php(710): Illuminate\Pipeline\Pipeline->then(Object(Closure))
#30 /var/www/html/laravel-montesquieu/vendor/laravel/framework/src/Illuminate/Routing/Router.php(675): Illuminate\Routing\Router->runRouteWithinStack(Object(Illuminate\Routing\Route), Object(Illuminate\Http\Request))
#31 /var/www/html/laravel-montesquieu/vendor/laravel/framework/src/Illuminate/Routing/Router.php(635): Illuminate\Routing\Router->dispatchToRoute(Object(Illuminate\Http\Request))
#32 /var/www/html/laravel-montesquieu/vendor/laravel/framework/src/Illuminate/Foundation/Http/Kernel.php(236): Illuminate\Routing\Router->dispatch(Object(Illuminate\Http\Request))
#33 [internal function]: Illuminate\Foundation\Http\Kernel->Illuminate\Foundation\Http\{closure}(Object(Illuminate\Http\Request))
#34 /var/www/html/laravel-montesquieu/vendor/laravel/framework/src/Illuminate/Pipeline/Pipeline.php(139): call_user_func(Object(Closure), Object(Illuminate\Http\Request))
#35 /var/www/html/laravel-montesquieu/vendor/laravel/framework/src/Illuminate/Foundation/Http/Middleware/VerifyCsrfToken.php(50): Illuminate\Pipeline\Pipeline->Illuminate\Pipeline\{closure}(Object(Illuminate\Http\Request))
#36 [internal function]: Illuminate\Foundation\Http\Middleware\VerifyCsrfToken->handle(Object(Illuminate\Http\Request), Object(Closure))
#37 /var/www/html/laravel-montesquieu/vendor/laravel/framework/src/Illuminate/Pipeline/Pipeline.php(124): call_user_func_array(Array, Array)
#38 /var/www/html/laravel-montesquieu/vendor/laravel/framework/src/Illuminate/View/Middleware/ShareErrorsFromSession.php(49): Illuminate\Pipeline\Pipeline->Illuminate\Pipeline\{closure}(Object(Illuminate\Http\Request))
#39 [internal function]: Illuminate\View\Middleware\ShareErrorsFromSession->handle(Object(Illuminate\Http\Request), Object(Closure))
#40 /var/www/html/laravel-montesquieu/vendor/laravel/framework/src/Illuminate/Pipeline/Pipeline.php(124): call_user_func_array(Array, Array)
#41 /var/www/html/laravel-montesquieu/vendor/laravel/framework/src/Illuminate/Session/Middleware/StartSession.php(62): Illuminate\Pipeline\Pipeline->Illuminate\Pipeline\{closure}(Object(Illuminate\Http\Request))
#42 [internal function]: Illuminate\Session\Middleware\StartSession->handle(Object(Illuminate\Http\Request), Object(Closure))
#43 /var/www/html/laravel-montesquieu/vendor/laravel/framework/src/Illuminate/Pipeline/Pipeline.php(124): call_user_func_array(Array, Array)
#44 /var/www/html/laravel-montesquieu/vendor/laravel/framework/src/Illuminate/Cookie/Middleware/AddQueuedCookiesToResponse.php(37): Illuminate\Pipeline\Pipeline->Illuminate\Pipeline\{closure}(Object(Illuminate\Http\Request))
#45 [internal function]: Illuminate\Cookie\Middleware\AddQueuedCookiesToResponse->handle(Object(Illuminate\Http\Request), Object(Closure))
#46 /var/www/html/laravel-montesquieu/vendor/laravel/framework/src/Illuminate/Pipeline/Pipeline.php(124): call_user_func_array(Array, Array)
#47 /var/www/html/laravel-montesquieu/vendor/laravel/framework/src/Illuminate/Cookie/Middleware/EncryptCookies.php(59): Illuminate\Pipeline\Pipeline->Illuminate\Pipeline\{closure}(Object(Illuminate\Http\Request))
#48 [internal function]: Illuminate\Cookie\Middleware\EncryptCookies->handle(Object(Illuminate\Http\Request), Object(Closure))
#49 /var/www/html/laravel-montesquieu/vendor/laravel/framework/src/Illuminate/Pipeline/Pipeline.php(124): call_user_func_array(Array, Array)
#50 /var/www/html/laravel-montesquieu/vendor/laravel/framework/src/Illuminate/Foundation/Http/Middleware/CheckForMaintenanceMode.php(44): Illuminate\Pipeline\Pipeline->Illuminate\Pipeline\{closure}(Object(Illuminate\Http\Request))
#51 [internal function]: Illuminate\Foundation\Http\Middleware\CheckForMaintenanceMode->handle(Object(Illuminate\Http\Request), Object(Closure))
#52 /var/www/html/laravel-montesquieu/vendor/laravel/framework/src/Illuminate/Pipeline/Pipeline.php(124): call_user_func_array(Array, Array)
#53 [internal function]: Illuminate\Pipeline\Pipeline->Illuminate\Pipeline\{closure}(Object(Illuminate\Http\Request))
#54 /var/www/html/laravel-montesquieu/vendor/laravel/framework/src/Illuminate/Pipeline/Pipeline.php(103): call_user_func(Object(Closure), Object(Illuminate\Http\Request))
#55 /var/www/html/laravel-montesquieu/vendor/laravel/framework/src/Illuminate/Foundation/Http/Kernel.php(122): Illuminate\Pipeline\Pipeline->then(Object(Closure))
#56 /var/www/html/laravel-montesquieu/vendor/laravel/framework/src/Illuminate/Foundation/Http/Kernel.php(87): Illuminate\Foundation\Http\Kernel->sendRequestThroughRouter(Object(Illuminate\Http\Request))
#57 /var/www/html/laravel-montesquieu/vendor/laravel/framework/src/Illuminate/Foundation/Testing/CrawlerTrait.php(394): Illuminate\Foundation\Http\Kernel->handle(Object(Illuminate\Http\Request))
#58 /var/www/html/laravel-montesquieu/vendor/laravel/framework/src/Illuminate/Foundation/Testing/InteractsWithPages.php(61): Illuminate\Foundation\Testing\TestCase->call('POST', 'http://localhos...', Array, Array, Array)
#59 /var/www/html/laravel-montesquieu/vendor/laravel/framework/src/Illuminate/Foundation/Testing/InteractsWithPages.php(85): Illuminate\Foundation\Testing\TestCase->makeRequest('POST', 'http://localhos...', Array, Array, Array)
#60 /var/www/html/laravel-montesquieu/vendor/laravel/framework/src/Illuminate/Foundation/Testing/InteractsWithPages.php(658): Illuminate\Foundation\Testing\TestCase->makeRequestUsingForm(Object(Symfony\Component\DomCrawler\Form), Array)
#61 /var/www/html/laravel-montesquieu/vendor/laravel/framework/src/Illuminate/Foundation/Testing/InteractsWithPages.php(645): Illuminate\Foundation\Testing\TestCase->submitForm('Envoyer', Array, Array)
#62 /var/www/html/laravel-montesquieu/tests/ReservationTest.php(67): Illuminate\Foundation\Testing\TestCase->press('Envoyer')
#63 /var/www/html/laravel-montesquieu/tests/ReservationTest.php(254): ReservationTest->testCreateOK()
#64 [internal function]: ReservationTest->testIndex()
#65 /var/www/html/laravel-montesquieu/vendor/phpunit/phpunit/src/Framework/TestCase.php(909): ReflectionMethod->invokeArgs(Object(ReservationTest), Array)
#66 /var/www/html/laravel-montesquieu/vendor/phpunit/phpunit/src/Framework/TestCase.php(768): PHPUnit_Framework_TestCase->runTest()
#67 /var/www/html/laravel-montesquieu/vendor/phpunit/phpunit/src/Framework/TestResult.php(612): PHPUnit_Framework_TestCase->runBare()
#68 /var/www/html/laravel-montesquieu/vendor/phpunit/phpunit/src/Framework/TestCase.php(724): PHPUnit_Framework_TestResult->run(Object(ReservationTest))
#69 /var/www/html/laravel-montesquieu/vendor/phpunit/phpunit/src/Framework/TestSuite.php(747): PHPUnit_Framework_TestCase->run(Object(PHPUnit_Framework_TestResult))
#70 /var/www/html/laravel-montesquieu/vendor/phpunit/phpunit/src/Framework/TestSuite.php(747): PHPUnit_Framework_TestSuite->run(Object(PHPUnit_Framework_TestResult))
#71 /var/www/html/laravel-montesquieu/vendor/phpunit/phpunit/src/TextUI/TestRunner.php(440): PHPUnit_Framework_TestSuite->run(Object(PHPUnit_Framework_TestResult))
#72 /var/www/html/laravel-montesquieu/vendor/phpunit/phpunit/src/TextUI/Command.php(149): PHPUnit_TextUI_TestRunner->doRun(Object(PHPUnit_Framework_TestSuite), Array)
#73 /var/www/html/laravel-montesquieu/vendor/phpunit/phpunit/src/TextUI/Command.php(100): PHPUnit_TextUI_Command->run(Array, true)
#74 /var/www/html/laravel-montesquieu/vendor/phpunit/phpunit/phpunit(47): PHPUnit_TextUI_Command::main()
#75 {main}
Caused by
exception 'PDOException' with message 'SQLSTATE[HY000]: General error: 1 no such table: reservations' in /var/www/html/laravel-montesquieu/vendor/laravel/framework/src/Illuminate/Database/Connection.php:390
Stack trace:
#0 /var/www/html/laravel-montesquieu/vendor/laravel/framework/src/Illuminate/Database/Connection.php(390): PDO->prepare('insert into "re...')
#1 /var/www/html/laravel-montesquieu/vendor/laravel/framework/src/Illuminate/Database/Connection.php(644): Illuminate\Database\Connection->Illuminate\Database\{closure}(Object(Illuminate\Database\SQLiteConnection), 'insert into "re...', Array)
#2 /var/www/html/laravel-montesquieu/vendor/laravel/framework/src/Illuminate/Database/Connection.php(611): Illuminate\Database\Connection->runQueryCallback('insert into "re...', Array, Object(Closure))
#3 /var/www/html/laravel-montesquieu/vendor/laravel/framework/src/Illuminate/Database/Connection.php(391): Illuminate\Database\Connection->run('insert into "re...', Array, Object(Closure))
#4 /var/www/html/laravel-montesquieu/vendor/laravel/framework/src/Illuminate/Database/Connection.php(347): Illuminate\Database\Connection->statement('insert into "re...', Array)
#5 /var/www/html/laravel-montesquieu/vendor/laravel/framework/src/Illuminate/Database/Query/Processors/Processor.php(32): Illuminate\Database\Connection->insert('insert into "re...', Array)
#6 /var/www/html/laravel-montesquieu/vendor/laravel/framework/src/Illuminate/Database/Query/Builder.php(1801): Illuminate\Database\Query\Processors\Processor->processInsertGetId(Object(Illuminate\Database\Query\Builder), 'insert into "re...', Array, 'id')
#7 [internal function]: Illuminate\Database\Query\Builder->insertGetId(Array, 'id')
#8 /var/www/html/laravel-montesquieu/vendor/laravel/framework/src/Illuminate/Database/Eloquent/Builder.php(943): call_user_func_array(Array, Array)
#9 /var/www/html/laravel-montesquieu/vendor/laravel/framework/src/Illuminate/Database/Eloquent/Model.php(1654): Illuminate\Database\Eloquent\Builder->__call('insertGetId', Array)
#10 /var/www/html/laravel-montesquieu/vendor/laravel/framework/src/Illuminate/Database/Eloquent/Model.php(1654): Illuminate\Database\Eloquent\Builder->insertGetId(Array, 'id')
#11 /var/www/html/laravel-montesquieu/vendor/laravel/framework/src/Illuminate/Database/Eloquent/Model.php(1623): Illuminate\Database\Eloquent\Model->insertAndSetId(Object(Illuminate\Database\Eloquent\Builder), Array)
#12 /var/www/html/laravel-montesquieu/vendor/laravel/framework/src/Illuminate/Database/Eloquent/Model.php(1514): Illuminate\Database\Eloquent\Model->performInsert(Object(Illuminate\Database\Eloquent\Builder), Array)
#13 /var/www/html/laravel-montesquieu/app/Http/Controllers/ReservationController.php(81): Illuminate\Database\Eloquent\Model->save()
#14 [internal function]: App\Http\Controllers\ReservationController->store(Object(App\Http\Requests\ReservationRequest))
#15 /var/www/html/laravel-montesquieu/vendor/laravel/framework/src/Illuminate/Routing/Controller.php(256): call_user_func_array(Array, Array)
#16 /var/www/html/laravel-montesquieu/vendor/laravel/framework/src/Illuminate/Routing/ControllerDispatcher.php(164): Illuminate\Routing\Controller->callAction('store', Array)
#17 /var/www/html/laravel-montesquieu/vendor/laravel/framework/src/Illuminate/Routing/ControllerDispatcher.php(112): Illuminate\Routing\ControllerDispatcher->call(Object(App\Http\Controllers\ReservationController), Object(Illuminate\Routing\Route), 'store')
#18 [internal function]: Illuminate\Routing\ControllerDispatcher->Illuminate\Routing\{closure}(Object(Illuminate\Http\Request))
#19 /var/www/html/laravel-montesquieu/vendor/laravel/framework/src/Illuminate/Pipeline/Pipeline.php(139): call_user_func(Object(Closure), Object(Illuminate\Http\Request))
#20 [internal function]: Illuminate\Pipeline\Pipeline->Illuminate\Pipeline\{closure}(Object(Illuminate\Http\Request))
#21 /var/www/html/laravel-montesquieu/vendor/laravel/framework/src/Illuminate/Pipeline/Pipeline.php(103): call_user_func(Object(Closure), Object(Illuminate\Http\Request))
#22 /var/www/html/laravel-montesquieu/vendor/laravel/framework/src/Illuminate/Routing/ControllerDispatcher.php(114): Illuminate\Pipeline\Pipeline->then(Object(Closure))
#23 /var/www/html/laravel-montesquieu/vendor/laravel/framework/src/Illuminate/Routing/ControllerDispatcher.php(69): Illuminate\Routing\ControllerDispatcher->callWithinStack(Object(App\Http\Controllers\ReservationController), Object(Illuminate\Routing\Route), Object(Illuminate\Http\Request), 'store')
#24 /var/www/html/laravel-montesquieu/vendor/laravel/framework/src/Illuminate/Routing/Route.php(203): Illuminate\Routing\ControllerDispatcher->dispatch(Object(Illuminate\Routing\Route), Object(Illuminate\Http\Request), 'App\Http\Contro...', 'store')
#25 /var/www/html/laravel-montesquieu/vendor/laravel/framework/src/Illuminate/Routing/Route.php(134): Illuminate\Routing\Route->runWithCustomDispatcher(Object(Illuminate\Http\Request))
#26 /var/www/html/laravel-montesquieu/vendor/laravel/framework/src/Illuminate/Routing/Router.php(708): Illuminate\Routing\Route->run(Object(Illuminate\Http\Request))
#27 [internal function]: Illuminate\Routing\Router->Illuminate\Routing\{closure}(Object(Illuminate\Http\Request))
#28 /var/www/html/laravel-montesquieu/vendor/laravel/framework/src/Illuminate/Pipeline/Pipeline.php(139): call_user_func(Object(Closure), Object(Illuminate\Http\Request))
#29 [internal function]: Illuminate\Pipeline\Pipeline->Illuminate\Pipeline\{closure}(Object(Illuminate\Http\Request))
#30 /var/www/html/laravel-montesquieu/vendor/laravel/framework/src/Illuminate/Pipeline/Pipeline.php(103): call_user_func(Object(Closure), Object(Illuminate\Http\Request))
#31 /var/www/html/laravel-montesquieu/vendor/laravel/framework/src/Illuminate/Routing/Router.php(710): Illuminate\Pipeline\Pipeline->then(Object(Closure))
#32 /var/www/html/laravel-montesquieu/vendor/laravel/framework/src/Illuminate/Routing/Router.php(675): Illuminate\Routing\Router->runRouteWithinStack(Object(Illuminate\Routing\Route), Object(Illuminate\Http\Request))
#33 /var/www/html/laravel-montesquieu/vendor/laravel/framework/src/Illuminate/Routing/Router.php(635): Illuminate\Routing\Router->dispatchToRoute(Object(Illuminate\Http\Request))
#34 /var/www/html/laravel-montesquieu/vendor/laravel/framework/src/Illuminate/Foundation/Http/Kernel.php(236): Illuminate\Routing\Router->dispatch(Object(Illuminate\Http\Request))
#35 [internal function]: Illuminate\Foundation\Http\Kernel->Illuminate\Foundation\Http\{closure}(Object(Illuminate\Http\Request))
#36 /var/www/html/laravel-montesquieu/vendor/laravel/framework/src/Illuminate/Pipeline/Pipeline.php(139): call_user_func(Object(Closure), Object(Illuminate\Http\Request))
#37 /var/www/html/laravel-montesquieu/vendor/laravel/framework/src/Illuminate/Foundation/Http/Middleware/VerifyCsrfToken.php(50): Illuminate\Pipeline\Pipeline->Illuminate\Pipeline\{closure}(Object(Illuminate\Http\Request))
#38 [internal function]: Illuminate\Foundation\Http\Middleware\VerifyCsrfToken->handle(Object(Illuminate\Http\Request), Object(Closure))
#39 /var/www/html/laravel-montesquieu/vendor/laravel/framework/src/Illuminate/Pipeline/Pipeline.php(124): call_user_func_array(Array, Array)
#40 /var/www/html/laravel-montesquieu/vendor/laravel/framework/src/Illuminate/View/Middleware/ShareErrorsFromSession.php(49): Illuminate\Pipeline\Pipeline->Illuminate\Pipeline\{closure}(Object(Illuminate\Http\Request))
#41 [internal function]: Illuminate\View\Middleware\ShareErrorsFromSession->handle(Object(Illuminate\Http\Request), Object(Closure))
#42 /var/www/html/laravel-montesquieu/vendor/laravel/framework/src/Illuminate/Pipeline/Pipeline.php(124): call_user_func_array(Array, Array)
#43 /var/www/html/laravel-montesquieu/vendor/laravel/framework/src/Illuminate/Session/Middleware/StartSession.php(62): Illuminate\Pipeline\Pipeline->Illuminate\Pipeline\{closure}(Object(Illuminate\Http\Request))
#44 [internal function]: Illuminate\Session\Middleware\StartSession->handle(Object(Illuminate\Http\Request), Object(Closure))
#45 /var/www/html/laravel-montesquieu/vendor/laravel/framework/src/Illuminate/Pipeline/Pipeline.php(124): call_user_func_array(Array, Array)
#46 /var/www/html/laravel-montesquieu/vendor/laravel/framework/src/Illuminate/Cookie/Middleware/AddQueuedCookiesToResponse.php(37): Illuminate\Pipeline\Pipeline->Illuminate\Pipeline\{closure}(Object(Illuminate\Http\Request))
#47 [internal function]: Illuminate\Cookie\Middleware\AddQueuedCookiesToResponse->handle(Object(Illuminate\Http\Request), Object(Closure))
#48 /var/www/html/laravel-montesquieu/vendor/laravel/framework/src/Illuminate/Pipeline/Pipeline.php(124): call_user_func_array(Array, Array)
#49 /var/www/html/laravel-montesquieu/vendor/laravel/framework/src/Illuminate/Cookie/Middleware/EncryptCookies.php(59): Illuminate\Pipeline\Pipeline->Illuminate\Pipeline\{closure}(Object(Illuminate\Http\Request))
#50 [internal function]: Illuminate\Cookie\Middleware\EncryptCookies->handle(Object(Illuminate\Http\Request), Object(Closure))
#51 /var/www/html/laravel-montesquieu/vendor/laravel/framework/src/Illuminate/Pipeline/Pipeline.php(124): call_user_func_array(Array, Array)
#52 /var/www/html/laravel-montesquieu/vendor/laravel/framework/src/Illuminate/Foundation/Http/Middleware/CheckForMaintenanceMode.php(44): Illuminate\Pipeline\Pipeline->Illuminate\Pipeline\{closure}(Object(Illuminate\Http\Request))
#53 [internal function]: Illuminate\Foundation\Http\Middleware\CheckForMaintenanceMode->handle(Object(Illuminate\Http\Request), Object(Closure))
#54 /var/www/html/laravel-montesquieu/vendor/laravel/framework/src/Illuminate/Pipeline/Pipeline.php(124): call_user_func_array(Array, Array)
#55 [internal function]: Illuminate\Pipeline\Pipeline->Illuminate\Pipeline\{closure}(Object(Illuminate\Http\Request))
#56 /var/www/html/laravel-montesquieu/vendor/laravel/framework/src/Illuminate/Pipeline/Pipeline.php(103): call_user_func(Object(Closure), Object(Illuminate\Http\Request))
#57 /var/www/html/laravel-montesquieu/vendor/laravel/framework/src/Illuminate/Foundation/Http/Kernel.php(122): Illuminate\Pipeline\Pipeline->then(Object(Closure))
#58 /var/www/html/laravel-montesquieu/vendor/laravel/framework/src/Illuminate/Foundation/Http/Kernel.php(87): Illuminate\Foundation\Http\Kernel->sendRequestThroughRouter(Object(Illuminate\Http\Request))
#59 /var/www/html/laravel-montesquieu/vendor/laravel/framework/src/Illuminate/Foundation/Testing/CrawlerTrait.php(394): Illuminate\Foundation\Http\Kernel->handle(Object(Illuminate\Http\Request))
#60 /var/www/html/laravel-montesquieu/vendor/laravel/framework/src/Illuminate/Foundation/Testing/InteractsWithPages.php(61): Illuminate\Foundation\Testing\TestCase->call('POST', 'http://localhos...', Array, Array, Array)
#61 /var/www/html/laravel-montesquieu/vendor/laravel/framework/src/Illuminate/Foundation/Testing/InteractsWithPages.php(85): Illuminate\Foundation\Testing\TestCase->makeRequest('POST', 'http://localhos...', Array, Array, Array)
#62 /var/www/html/laravel-montesquieu/vendor/laravel/framework/src/Illuminate/Foundation/Testing/InteractsWithPages.php(658): Illuminate\Foundation\Testing\TestCase->makeRequestUsingForm(Object(Symfony\Component\DomCrawler\Form), Array)
#63 /var/www/html/laravel-montesquieu/vendor/laravel/framework/src/Illuminate/Foundation/Testing/InteractsWithPages.php(645): Illuminate\Foundation\Testing\TestCase->submitForm('Envoyer', Array, Array)
#64 /var/www/html/laravel-montesquieu/tests/ReservationTest.php(67): Illuminate\Foundation\Testing\TestCase->press('Envoyer')
#65 /var/www/html/laravel-montesquieu/tests/ReservationTest.php(254): ReservationTest->testCreateOK()
#66 [internal function]: ReservationTest->testIndex()
#67 /var/www/html/laravel-montesquieu/vendor/phpunit/phpunit/src/Framework/TestCase.php(909): ReflectionMethod->invokeArgs(Object(ReservationTest), Array)
#68 /var/www/html/laravel-montesquieu/vendor/phpunit/phpunit/src/Framework/TestCase.php(768): PHPUnit_Framework_TestCase->runTest()
#69 /var/www/html/laravel-montesquieu/vendor/phpunit/phpunit/src/Framework/TestResult.php(612): PHPUnit_Framework_TestCase->runBare()
#70 /var/www/html/laravel-montesquieu/vendor/phpunit/phpunit/src/Framework/TestCase.php(724): PHPUnit_Framework_TestResult->run(Object(ReservationTest))
#71 /var/www/html/laravel-montesquieu/vendor/phpunit/phpunit/src/Framework/TestSuite.php(747): PHPUnit_Framework_TestCase->run(Object(PHPUnit_Framework_TestResult))
#72 /var/www/html/laravel-montesquieu/vendor/phpunit/phpunit/src/Framework/TestSuite.php(747): PHPUnit_Framework_TestSuite->run(Object(PHPUnit_Framework_TestResult))
#73 /var/www/html/laravel-montesquieu/vendor/phpunit/phpunit/src/TextUI/TestRunner.php(440): PHPUnit_Framework_TestSuite->run(Object(PHPUnit_Framework_TestResult))
#74 /var/www/html/laravel-montesquieu/vendor/phpunit/phpunit/src/TextUI/Command.php(149): PHPUnit_TextUI_TestRunner->doRun(Object(PHPUnit_Framework_TestSuite), Array)
#75 /var/www/html/laravel-montesquieu/vendor/phpunit/phpunit/src/TextUI/Command.php(100): PHPUnit_TextUI_Command->run(Array, true)
#76 /var/www/html/laravel-montesquieu/vendor/phpunit/phpunit/phpunit(47): PHPUnit_TextUI_Command::main()
#77 {main}
FAILURES!
Tests: 8, Assertions: 94, Failures: 2.
